# JRE version: OpenJDK Runtime Environment (8.0_152-b01) (build 1.8.0_152-release-1343-b01)
# Java VM: OpenJDK 64-Bit Server VM (25.152-b01 mixed mode windows-amd64 compressed oops)
Heap:
 PSYoungGen      total 62976K, used 20764K [0x00000000e0000000, 0x00000000e5c00000, 0x0000000100000000)
  eden space 52736K, 22% used [0x00000000e0000000,0x00000000e0b93198,0x00000000e3380000)
  from space 10240K, 87% used [0x00000000e3380000,0x00000000e3c341d8,0x00000000e3d80000)
  to   space 10752K, 0% used [0x00000000e5180000,0x00000000e5180000,0x00000000e5c00000)
 ParOldGen       total 57856K, used 7756K [0x00000000a0000000, 0x00000000a3880000, 0x00000000e0000000)
  object space 57856K, 13% used [0x00000000a0000000,0x00000000a0793050,0x00000000a3880000)
 Metaspace       used 31755K, capacity 32236K, committed 32512K, reserved 1077248K
  class space    used 4390K, capacity 4562K, committed 4608K, reserved 1048576K
GC Heap History (10 events):
Event: 18.516 GC heap before
{Heap before GC invocations=6 (full 0):
 PSYoungGen      total 37888K, used 12946K [0x00000000e0000000, 0x00000000e3600000, 0x0000000100000000)
  eden space 32768K, 23% used [0x00000000e0000000,0x00000000e07a7a00,0x00000000e2000000)
  from space 5120K, 99% used [0x00000000e2080000,0x00000000e257d040,0x00000000e2580000)
  to   space 11264K, 0% used [0x00000000e2b00000,0x00000000e2b00000,0x00000000e3600000)
 ParOldGen       total 87552K, used 9221K [0x00000000a0000000, 0x00000000a5580000, 0x00000000e0000000)
  object space 87552K, 10% used [0x00000000a0000000,0x00000000a09017c0,0x00000000a5580000)
 Metaspace       used 20693K, capacity 21158K, committed 21296K, reserved 1067008K
  class space    used 2923K, capacity 3122K, committed 3200K, reserved 1048576K
Event: 18.553 GC heap after
Heap after GC invocations=6 (full 0):
 PSYoungGen      total 44032K, used 6255K [0x00000000e0000000, 0x00000000e3600000, 0x0000000100000000)
  eden space 32768K, 0% used [0x00000000e0000000,0x00000000e0000000,0x00000000e2000000)
  from space 11264K, 55% used [0x00000000e2b00000,0x00000000e311bda0,0x00000000e3600000)
  to   space 5120K, 0% used [0x00000000e2080000,0x00000000e2080000,0x00000000e2580000)
 ParOldGen       total 87552K, used 9229K [0x00000000a0000000, 0x00000000a5580000, 0x00000000e0000000)
  object space 87552K, 10% used [0x00000000a0000000,0x00000000a09037c0,0x00000000a5580000)
 Metaspace       used 20693K, capacity 21158K, committed 21296K, reserved 1067008K
  class space    used 2923K, capacity 3122K, committed 3200K, reserved 1048576K
}
Event: 18.553 GC heap before
{Heap before GC invocations=7 (full 1):
 PSYoungGen      total 44032K, used 6255K [0x00000000e0000000, 0x00000000e3600000, 0x0000000100000000)
  eden space 32768K, 0% used [0x00000000e0000000,0x00000000e0000000,0x00000000e2000000)
  from space 11264K, 55% used [0x00000000e2b00000,0x00000000e311bda0,0x00000000e3600000)
  to   space 5120K, 0% used [0x00000000e2080000,0x00000000e2080000,0x00000000e2580000)
 ParOldGen       total 87552K, used 9229K [0x00000000a0000000, 0x00000000a5580000, 0x00000000e0000000)
  object space 87552K, 10% used [0x00000000a0000000,0x00000000a09037c0,0x00000000a5580000)
 Metaspace       used 20693K, capacity 21158K, committed 21296K, reserved 1067008K
  class space    used 2923K, capacity 3122K, committed 3200K, reserved 1048576K
Event: 18.799 GC heap after
Heap after GC invocations=7 (full 1):
 PSYoungGen      total 44032K, used 0K [0x00000000e0000000, 0x00000000e3600000, 0x0000000100000000)
  eden space 32768K, 0% used [0x00000000e0000000,0x00000000e0000000,0x00000000e2000000)
  from space 11264K, 0% used [0x00000000e2b00000,0x00000000e2b00000,0x00000000e3600000)
  to   space 5120K, 0% used [0x00000000e2080000,0x00000000e2080000,0x00000000e2580000)
 ParOldGen       total 57856K, used 7732K [0x00000000a0000000, 0x00000000a3880000, 0x00000000e0000000)
  object space 57856K, 13% used [0x00000000a0000000,0x00000000a078d050,0x00000000a3880000)
 Metaspace       used 20693K, capacity 21158K, committed 21296K, reserved 1067008K
  class space    used 2923K, capacity 3122K, committed 3200K, reserved 1048576K
}
Event: 21.454 GC heap before
{Heap before GC invocations=8 (full 1):
 PSYoungGen      total 44032K, used 32768K [0x00000000e0000000, 0x00000000e3600000, 0x0000000100000000)
  eden space 32768K, 100% used [0x00000000e0000000,0x00000000e2000000,0x00000000e2000000)
  from space 11264K, 0% used [0x00000000e2b00000,0x00000000e2b00000,0x00000000e3600000)
  to   space 5120K, 0% used [0x00000000e2080000,0x00000000e2080000,0x00000000e2580000)
 ParOldGen       total 57856K, used 7732K [0x00000000a0000000, 0x00000000a3880000, 0x00000000e0000000)
  object space 57856K, 13% used [0x00000000a0000000,0x00000000a078d050,0x00000000a3880000)
 Metaspace       used 25575K, capacity 26064K, committed 26240K, reserved 1071104K
  class space    used 3436K, capacity 3643K, committed 3712K, reserved 1048576K
Event: 21.479 GC heap after
Heap after GC invocations=8 (full 1):
 PSYoungGen      total 38400K, used 4693K [0x00000000e0000000, 0x00000000e4780000, 0x0000000100000000)
  eden space 33280K, 0% used [0x00000000e0000000,0x00000000e0000000,0x00000000e2080000)
  from space 5120K, 91% used [0x00000000e2080000,0x00000000e25155c0,0x00000000e2580000)
  to   space 10240K, 0% used [0x00000000e3d80000,0x00000000e3d80000,0x00000000e4780000)
 ParOldGen       total 57856K, used 7740K [0x00000000a0000000, 0x00000000a3880000, 0x00000000e0000000)
  object space 57856K, 13% used [0x00000000a0000000,0x00000000a078f050,0x00000000a3880000)
 Metaspace       used 25575K, capacity 26064K, committed 26240K, reserved 1071104K
  class space    used 3436K, capacity 3643K, committed 3712K, reserved 1048576K
}
Event: 23.820 GC heap before
{Heap before GC invocations=9 (full 1):
 PSYoungGen      total 38400K, used 37973K [0x00000000e0000000, 0x00000000e4780000, 0x0000000100000000)
  eden space 33280K, 100% used [0x00000000e0000000,0x00000000e2080000,0x00000000e2080000)
  from space 5120K, 91% used [0x00000000e2080000,0x00000000e25155c0,0x00000000e2580000)
  to   space 10240K, 0% used [0x00000000e3d80000,0x00000000e3d80000,0x00000000e4780000)
 ParOldGen       total 57856K, used 7740K [0x00000000a0000000, 0x00000000a3880000, 0x00000000e0000000)
  object space 57856K, 13% used [0x00000000a0000000,0x00000000a078f050,0x00000000a3880000)
 Metaspace       used 27770K, capacity 28294K, committed 28416K, reserved 1073152K
  class space    used 3811K, capacity 3999K, committed 4096K, reserved 1048576K
Event: 23.851 GC heap after
Heap after GC invocations=9 (full 1):
 PSYoungGen      total 62976K, used 6684K [0x00000000e0000000, 0x00000000e4780000, 0x0000000100000000)
  eden space 52736K, 0% used [0x00000000e0000000,0x00000000e0000000,0x00000000e3380000)
  from space 10240K, 65% used [0x00000000e3d80000,0x00000000e4407020,0x00000000e4780000)
  to   space 10240K, 0% used [0x00000000e3380000,0x00000000e3380000,0x00000000e3d80000)
 ParOldGen       total 57856K, used 7748K [0x00000000a0000000, 0x00000000a3880000, 0x00000000e0000000)
  object space 57856K, 13% used [0x00000000a0000000,0x00000000a0791050,0x00000000a3880000)
 Metaspace       used 27770K, capacity 28294K, committed 28416K, reserved 1073152K
  class space    used 3811K, capacity 3999K, committed 4096K, reserved 1048576K
}
Event: 26.575 GC heap before
{Heap before GC invocations=10 (full 1):
 PSYoungGen      total 62976K, used 59420K [0x00000000e0000000, 0x00000000e4780000, 0x0000000100000000)
  eden space 52736K, 100% used [0x00000000e0000000,0x00000000e3380000,0x00000000e3380000)
  from space 10240K, 65% used [0x00000000e3d80000,0x00000000e4407020,0x00000000e4780000)
  to   space 10240K, 0% used [0x00000000e3380000,0x00000000e3380000,0x00000000e3d80000)
 ParOldGen       total 57856K, used 7748K [0x00000000a0000000, 0x00000000a3880000, 0x00000000e0000000)
  object space 57856K, 13% used [0x00000000a0000000,0x00000000a0791050,0x00000000a3880000)
 Metaspace       used 31243K, capacity 31756K, committed 31872K, reserved 1077248K
  class space    used 4308K, capacity 4466K, committed 4480K, reserved 1048576K
Event: 26.662 GC heap after
Heap after GC invocations=10 (full 1):
 PSYoungGen      total 62976K, used 8912K [0x00000000e0000000, 0x00000000e5c00000, 0x0000000100000000)
  eden space 52736K, 0% used [0x00000000e0000000,0x00000000e0000000,0x00000000e3380000)
  from space 10240K, 87% used [0x00000000e3380000,0x00000000e3c341d8,0x00000000e3d80000)
  to   space 10752K, 0% used [0x00000000e5180000,0x00000000e5180000,0x00000000e5c00000)
 ParOldGen       total 57856K, used 7756K [0x00000000a0000000, 0x00000000a3880000, 0x00000000e0000000)
  object space 57856K, 13% used [0x00000000a0000000,0x00000000a0793050,0x00000000a3880000)
 Metaspace       used 31243K, capacity 31756K, committed 31872K, reserved 1077248K
  class space    used 4308K, capacity 4466K, committed 4480K, reserved 1048576K
}

