# JRE version: OpenJDK Runtime Environment (8.0_152-b01) (build 1.8.0_152-release-1343-b01)
# Java VM: OpenJDK 64-Bit Server VM (25.152-b01 mixed mode windows-amd64 compressed oops)
Heap:
 PSYoungGen      total 69120K, used 63738K [0x00000000e0000000, 0x00000000e4e80000, 0x0000000100000000)
  eden space 58880K, 96% used [0x00000000e0000000,0x00000000e37c3880,0x00000000e3980000)
  from space 10240K, 64% used [0x00000000e4380000,0x00000000e49fb0e8,0x00000000e4d80000)
  to   space 10240K, 0% used [0x00000000e3980000,0x00000000e3980000,0x00000000e4380000)
 ParOldGen       total 53248K, used 7732K [0x00000000a0000000, 0x00000000a3400000, 0x00000000e0000000)
  object space 53248K, 14% used [0x00000000a0000000,0x00000000a078d048,0x00000000a3400000)
 Metaspace       used 31319K, capacity 31884K, committed 32000K, reserved 1077248K
  class space    used 4317K, capacity 4530K, committed 4608K, reserved 1048576K
GC Heap History (10 events):
Event: 14.982 GC heap before
{Heap before GC invocations=5 (full 0):
 PSYoungGen      total 38400K, used 38368K [0x00000000e0000000, 0x00000000e2a80000, 0x0000000100000000)
  eden space 33280K, 100% used [0x00000000e0000000,0x00000000e2080000,0x00000000e2080000)
  from space 5120K, 99% used [0x00000000e2580000,0x00000000e2a78020,0x00000000e2a80000)
  to   space 5120K, 0% used [0x00000000e2080000,0x00000000e2080000,0x00000000e2580000)
 ParOldGen       total 87552K, used 5143K [0x00000000a0000000, 0x00000000a5580000, 0x00000000e0000000)
  object space 87552K, 5% used [0x00000000a0000000,0x00000000a0505ef0,0x00000000a5580000)
 Metaspace       used 19617K, capacity 20102K, committed 20224K, reserved 1067008K
  class space    used 2828K, capacity 3026K, committed 3072K, reserved 1048576K
Event: 15.019 GC heap after
Heap after GC invocations=5 (full 0):
 PSYoungGen      total 38400K, used 5108K [0x00000000e0000000, 0x00000000e2a80000, 0x0000000100000000)
  eden space 33280K, 0% used [0x00000000e0000000,0x00000000e0000000,0x00000000e2080000)
  from space 5120K, 99% used [0x00000000e2080000,0x00000000e257d060,0x00000000e2580000)
  to   space 5120K, 0% used [0x00000000e2580000,0x00000000e2580000,0x00000000e2a80000)
 ParOldGen       total 87552K, used 9368K [0x00000000a0000000, 0x00000000a5580000, 0x00000000e0000000)
  object space 87552K, 10% used [0x00000000a0000000,0x00000000a0926170,0x00000000a5580000)
 Metaspace       used 19617K, capacity 20102K, committed 20224K, reserved 1067008K
  class space    used 2828K, capacity 3026K, committed 3072K, reserved 1048576K
}
Event: 15.303 GC heap before
{Heap before GC invocations=6 (full 0):
 PSYoungGen      total 38400K, used 13341K [0x00000000e0000000, 0x00000000e2a80000, 0x0000000100000000)
  eden space 33280K, 24% used [0x00000000e0000000,0x00000000e080a4f8,0x00000000e2080000)
  from space 5120K, 99% used [0x00000000e2080000,0x00000000e257d060,0x00000000e2580000)
  to   space 5120K, 0% used [0x00000000e2580000,0x00000000e2580000,0x00000000e2a80000)
 ParOldGen       total 87552K, used 9368K [0x00000000a0000000, 0x00000000a5580000, 0x00000000e0000000)
  object space 87552K, 10% used [0x00000000a0000000,0x00000000a0926170,0x00000000a5580000)
 Metaspace       used 20691K, capacity 21158K, committed 21296K, reserved 1067008K
  class space    used 2919K, capacity 3122K, committed 3200K, reserved 1048576K
Event: 15.324 GC heap after
Heap after GC invocations=6 (full 0):
 PSYoungGen      total 38400K, used 5105K [0x00000000e0000000, 0x00000000e2a80000, 0x0000000100000000)
  eden space 33280K, 0% used [0x00000000e0000000,0x00000000e0000000,0x00000000e2080000)
  from space 5120K, 99% used [0x00000000e2580000,0x00000000e2a7c5c8,0x00000000e2a80000)
  to   space 5120K, 0% used [0x00000000e2080000,0x00000000e2080000,0x00000000e2580000)
 ParOldGen       total 87552K, used 10493K [0x00000000a0000000, 0x00000000a5580000, 0x00000000e0000000)
  object space 87552K, 11% used [0x00000000a0000000,0x00000000a0a3f4b0,0x00000000a5580000)
 Metaspace       used 20691K, capacity 21158K, committed 21296K, reserved 1067008K
  class space    used 2919K, capacity 3122K, committed 3200K, reserved 1048576K
}
Event: 15.324 GC heap before
{Heap before GC invocations=7 (full 1):
 PSYoungGen      total 38400K, used 5105K [0x00000000e0000000, 0x00000000e2a80000, 0x0000000100000000)
  eden space 33280K, 0% used [0x00000000e0000000,0x00000000e0000000,0x00000000e2080000)
  from space 5120K, 99% used [0x00000000e2580000,0x00000000e2a7c5c8,0x00000000e2a80000)
  to   space 5120K, 0% used [0x00000000e2080000,0x00000000e2080000,0x00000000e2580000)
 ParOldGen       total 87552K, used 10493K [0x00000000a0000000, 0x00000000a5580000, 0x00000000e0000000)
  object space 87552K, 11% used [0x00000000a0000000,0x00000000a0a3f4b0,0x00000000a5580000)
 Metaspace       used 20691K, capacity 21158K, committed 21296K, reserved 1067008K
  class space    used 2919K, capacity 3122K, committed 3200K, reserved 1048576K
Event: 15.434 GC heap after
Heap after GC invocations=7 (full 1):
 PSYoungGen      total 38400K, used 0K [0x00000000e0000000, 0x00000000e2a80000, 0x0000000100000000)
  eden space 33280K, 0% used [0x00000000e0000000,0x00000000e0000000,0x00000000e2080000)
  from space 5120K, 0% used [0x00000000e2580000,0x00000000e2580000,0x00000000e2a80000)
  to   space 5120K, 0% used [0x00000000e2080000,0x00000000e2080000,0x00000000e2580000)
 ParOldGen       total 53248K, used 7716K [0x00000000a0000000, 0x00000000a3400000, 0x00000000e0000000)
  object space 53248K, 14% used [0x00000000a0000000,0x00000000a0789048,0x00000000a3400000)
 Metaspace       used 20691K, capacity 21158K, committed 21296K, reserved 1067008K
  class space    used 2919K, capacity 3122K, committed 3200K, reserved 1048576K
}
Event: 16.752 GC heap before
{Heap before GC invocations=8 (full 1):
 PSYoungGen      total 38400K, used 33280K [0x00000000e0000000, 0x00000000e2a80000, 0x0000000100000000)
  eden space 33280K, 100% used [0x00000000e0000000,0x00000000e2080000,0x00000000e2080000)
  from space 5120K, 0% used [0x00000000e2580000,0x00000000e2580000,0x00000000e2a80000)
  to   space 5120K, 0% used [0x00000000e2080000,0x00000000e2080000,0x00000000e2580000)
 ParOldGen       total 53248K, used 7716K [0x00000000a0000000, 0x00000000a3400000, 0x00000000e0000000)
  object space 53248K, 14% used [0x00000000a0000000,0x00000000a0789048,0x00000000a3400000)
 Metaspace       used 25555K, capacity 26032K, committed 26240K, reserved 1071104K
  class space    used 3431K, capacity 3611K, committed 3712K, reserved 1048576K
Event: 16.763 GC heap after
Heap after GC invocations=8 (full 1):
 PSYoungGen      total 38400K, used 4706K [0x00000000e0000000, 0x00000000e4d80000, 0x0000000100000000)
  eden space 33280K, 0% used [0x00000000e0000000,0x00000000e0000000,0x00000000e2080000)
  from space 5120K, 91% used [0x00000000e2080000,0x00000000e25189a0,0x00000000e2580000)
  to   space 10240K, 0% used [0x00000000e4380000,0x00000000e4380000,0x00000000e4d80000)
 ParOldGen       total 53248K, used 7724K [0x00000000a0000000, 0x00000000a3400000, 0x00000000e0000000)
  object space 53248K, 14% used [0x00000000a0000000,0x00000000a078b048,0x00000000a3400000)
 Metaspace       used 25555K, capacity 26032K, committed 26240K, reserved 1071104K
  class space    used 3431K, capacity 3611K, committed 3712K, reserved 1048576K
}
Event: 17.435 GC heap before
{Heap before GC invocations=9 (full 1):
 PSYoungGen      total 38400K, used 37986K [0x00000000e0000000, 0x00000000e4d80000, 0x0000000100000000)
  eden space 33280K, 100% used [0x00000000e0000000,0x00000000e2080000,0x00000000e2080000)
  from space 5120K, 91% used [0x00000000e2080000,0x00000000e25189a0,0x00000000e2580000)
  to   space 10240K, 0% used [0x00000000e4380000,0x00000000e4380000,0x00000000e4d80000)
 ParOldGen       total 53248K, used 7724K [0x00000000a0000000, 0x00000000a3400000, 0x00000000e0000000)
  object space 53248K, 14% used [0x00000000a0000000,0x00000000a078b048,0x00000000a3400000)
 Metaspace       used 27704K, capacity 28172K, committed 28416K, reserved 1073152K
  class space    used 3801K, capacity 4000K, committed 4096K, reserved 1048576K
Event: 17.461 GC heap after
Heap after GC invocations=9 (full 1):
 PSYoungGen      total 69120K, used 6636K [0x00000000e0000000, 0x00000000e4e80000, 0x0000000100000000)
  eden space 58880K, 0% used [0x00000000e0000000,0x00000000e0000000,0x00000000e3980000)
  from space 10240K, 64% used [0x00000000e4380000,0x00000000e49fb0e8,0x00000000e4d80000)
  to   space 10240K, 0% used [0x00000000e3980000,0x00000000e3980000,0x00000000e4380000)
 ParOldGen       total 53248K, used 7732K [0x00000000a0000000, 0x00000000a3400000, 0x00000000e0000000)
  object space 53248K, 14% used [0x00000000a0000000,0x00000000a078d048,0x00000000a3400000)
 Metaspace       used 27704K, capacity 28172K, committed 28416K, reserved 1073152K
  class space    used 3801K, capacity 4000K, committed 4096K, reserved 1048576K
}

